<?xml version="1.0" encoding="UTF-8"?>
<!-- Generated by org.testng.reporters.JUnitReportReporter -->
<testsuite hostname="LAPTOP-N1SBFKLQ" failures="0" tests="3" name="amazon.close" time="0.872" errors="0" timestamp="2022-11-10T22:22:26 IST" skipped="0">
  <testcase classname="amazon.close" name="title" time="0.018"/>
  <system-out/>
  <testcase classname="amazon.close" name="geturl" time="0.058"/>
  <system-out/>
  <testcase classname="amazon.close" name="dropdown" time="0.796"/>
  <system-out/>
</testsuite> <!-- amazon.close -->
