<?xml version="1.0" encoding="UTF-8"?>
<!-- Generated by org.testng.reporters.JUnitReportReporter -->
<testsuite hostname="LAPTOP-N1SBFKLQ" failures="0" tests="6" name="packageNG.program1" time="0.013" errors="0" timestamp="2022-11-10T23:04:39 IST" skipped="2">
  <testcase classname="packageNG.program1" name="opening_delivery" time="0.009"/>
  <system-out/>
  <testcase classname="packageNG.program1" name="paymentdetails" time="0.001"/>
  <system-out/>
  <testcase classname="packageNG.program1" name="customer_details" time="0.001"/>
  <system-out/>
  <testcase classname="packageNG.program1" name="productdetils" time="0.002"/>
  <system-out/>
  <testcase classname="packageNG.program1" name="logoff">
    <skipped/>
  </testcase> <!-- logoff -->
  <system-out/>
  <testcase classname="packageNG.program1" name="feedback">
    <skipped/>
  </testcase> <!-- feedback -->
  <system-out/>
</testsuite> <!-- packageNG.program1 -->
