<?xml version="1.0" encoding="UTF-8"?>
<!-- Generated by org.testng.reporters.JUnitReportReporter -->
<testsuite hostname="LAPTOP-N1SBFKLQ" failures="0" tests="1" name="amazon.login" time="0.146" errors="0" timestamp="2022-11-08T11:36:03 IST" skipped="0">
  <testcase classname="amazon.login" name="title" time="0.146"/>
  <system-out/>
</testsuite> <!-- amazon.login -->
