<?xml version="1.0" encoding="UTF-8"?>
<!-- Generated by org.testng.reporters.JUnitReportReporter -->
<testsuite hostname="LAPTOP-N1SBFKLQ" failures="0" tests="2" name="practice.itera_site" time="4.487" errors="0" timestamp="2022-11-17T10:14:19 IST" skipped="0">
  <testcase classname="practice.itera_site" name="form_filling" time="2.438"/>
  <system-out/>
  <testcase classname="practice.itera_site" name="submit" time="2.049"/>
  <system-out/>
</testsuite> <!-- practice.itera_site -->
