<?xml version="1.0" encoding="UTF-8"?>
<!-- Generated by org.testng.reporters.JUnitReportReporter -->
<testsuite hostname="LAPTOP-N1SBFKLQ" failures="0" tests="5" name="packageNG.amazon" time="18.334" errors="0" timestamp="2022-11-11T22:27:05 IST" skipped="0">
  <testcase classname="packageNG.amazon" name="opening_browser" time="13.647"/>
  <system-out/>
  <testcase classname="packageNG.amazon" name="url" time="0.012"/>
  <system-out/>
  <testcase classname="packageNG.amazon" name="drop" time="1.485"/>
  <system-out/>
  <testcase classname="packageNG.amazon" name="title" time="0.008"/>
  <system-out/>
  <testcase classname="packageNG.amazon" name="close2" time="3.182"/>
  <system-out/>
</testsuite> <!-- packageNG.amazon -->
