<?xml version="1.0" encoding="UTF-8"?>
<!-- Generated by org.testng.reporters.JUnitReportReporter -->
<testsuite hostname="LAPTOP-N1SBFKLQ" failures="0" tests="1" name="packageNG.NewTours" time="0.189" errors="0" timestamp="2022-11-09T00:18:57 IST" skipped="0">
  <testcase classname="packageNG.NewTours" name="login" time="0.189"/>
  <system-out/>
</testsuite> <!-- packageNG.NewTours -->
