<?xml version="1.0" encoding="UTF-8"?>
<!-- Generated by org.testng.reporters.JUnitReportReporter -->
<testsuite hostname="LAPTOP-N1SBFKLQ" failures="0" tests="1" name="packageNG.program3" time="13.526" errors="0" timestamp="2022-11-09T00:01:04 IST" skipped="0">
  <testcase classname="packageNG.program3" name="opening" time="13.526"/>
  <system-out/>
</testsuite> <!-- packageNG.program3 -->
